Arguments: 
  C:\Program Files\nodejs\node.exe C:\Users\Rep Tech\AppData\Roaming\npm\node_modules\yarn\bin\yarn.js add cors

PATH: 
  C:\Windows\system32;C:\Windows;C:\Windows\System32\Wbem;C:\Windows\System32\WindowsPowerShell\v1.0\;C:\Program Files\Git\cmd;C:\Program Files\nodejs\;;C:\Users\Rep Tech\AppData\Local\Programs\Microsoft VS Code\bin;C:\Users\Rep Tech\AppData\Roaming\npm

Yarn version: 
  1.22.10

Node version: 
  10.18.0

Platform: 
  win32 x64

Trace: 
  Error: getaddrinfo ENOTFOUND registry.yarnpkg.com registry.yarnpkg.com:443
      at GetAddrInfoReqWrap.onlookup [as oncomplete] (dns.js:56:26)

npm manifest: 
  {
    "name": "movies-api",
    "version": "1.0.0",
    "description": "",
    "main": "app.js",
    "scripts": {
      "test": "echo \"Error: no test specified\" && exit 1"
    },
    "author": "mansour",
    "license": "ISC"
  }

yarn manifest: 
  No manifest

Lockfile: 
  No lockfile
